Build started 2017/8/24 下午 01:47:30.
     1>Project "D:\TestProgram\polynomialCurveFit _SVDRevise\polynomialCurveFit\polynomialCurveFit.vcxproj" on node 2 (build target(s)).
     1>InitializeBuildStatus:
         Creating "Debug\polynomialCurveFit.unsuccessfulbuild" because "AlwaysCreate" was specified.
       ClCompile:
         All outputs are up-to-date.
         d:\Program Files\Microsoft Visual Studio 10.0\VC\bin\CL.exe /c /ZI /nologo /W3 /WX- /Od /Oy- /D WIN32 /D _WINDOWS /D _DEBUG /D _MBCS /Gm /EHsc /RTC1 /MTd /GS /fp:precise /Zc:wchar_t /Zc:forScope /Yu"StdAfx.h" /Fp"Debug\polynomialCurveFit.pch" /Fo"Debug\\" /Fd"Debug\vc100.pdb" /Gd /TP /analyze- /errorReport:prompt polynomialCurveFitDlg.cpp
         polynomialCurveFitDlg.cpp
     1>d:\testprogram\polynomialcurvefit _svdrevise\polynomialcurvefit\polynomialcurvefitdlg.cpp(263): warning C4996: 'fopen': This function or variable may be unsafe. Consider using fopen_s instead. To disable deprecation, use _CRT_SECURE_NO_WARNINGS. See online help for details.
                 d:\program files\microsoft visual studio 10.0\vc\include\stdio.h(234) : see declaration of 'fopen'
     1>d:\testprogram\polynomialcurvefit _svdrevise\polynomialcurvefit\polynomialcurvefitdlg.cpp(267): warning C4996: 'fscanf': This function or variable may be unsafe. Consider using fscanf_s instead. To disable deprecation, use _CRT_SECURE_NO_WARNINGS. See online help for details.
                 d:\program files\microsoft visual studio 10.0\vc\include\stdio.h(253) : see declaration of 'fscanf'
     1>d:\testprogram\polynomialcurvefit _svdrevise\polynomialcurvefit\polynomialcurvefitdlg.cpp(275): warning C4996: 'fopen': This function or variable may be unsafe. Consider using fopen_s instead. To disable deprecation, use _CRT_SECURE_NO_WARNINGS. See online help for details.
                 d:\program files\microsoft visual studio 10.0\vc\include\stdio.h(234) : see declaration of 'fopen'
     1>d:\testprogram\polynomialcurvefit _svdrevise\polynomialcurvefit\polynomialcurvefitdlg.cpp(276): warning C4996: 'fopen': This function or variable may be unsafe. Consider using fopen_s instead. To disable deprecation, use _CRT_SECURE_NO_WARNINGS. See online help for details.
                 d:\program files\microsoft visual studio 10.0\vc\include\stdio.h(234) : see declaration of 'fopen'
     1>d:\testprogram\polynomialcurvefit _svdrevise\polynomialcurvefit\polynomialcurvefitdlg.cpp(279): warning C4996: 'fscanf': This function or variable may be unsafe. Consider using fscanf_s instead. To disable deprecation, use _CRT_SECURE_NO_WARNINGS. See online help for details.
                 d:\program files\microsoft visual studio 10.0\vc\include\stdio.h(253) : see declaration of 'fscanf'
     1>d:\testprogram\polynomialcurvefit _svdrevise\polynomialcurvefit\polynomialcurvefitdlg.cpp(285): warning C4996: 'fscanf': This function or variable may be unsafe. Consider using fscanf_s instead. To disable deprecation, use _CRT_SECURE_NO_WARNINGS. See online help for details.
                 d:\program files\microsoft visual studio 10.0\vc\include\stdio.h(253) : see declaration of 'fscanf'
       ResourceCompile:
         All outputs are up-to-date.
       ManifestResourceCompile:
         All outputs are up-to-date.
       Link:
         d:\Program Files\Microsoft Visual Studio 10.0\VC\bin\link.exe /ERRORREPORT:PROMPT /OUT:"D:\TestProgram\polynomialCurveFit _SVDRevise\Debug\polynomialCurveFit.exe" /INCREMENTAL /NOLOGO /MANIFEST /ManifestFile:"Debug\polynomialCurveFit.exe.intermediate.manifest" /MANIFESTUAC:"level='asInvoker' uiAccess='false'" /DEBUG /PDB:"D:\TestProgram\polynomialCurveFit _SVDRevise\Debug\polynomialCurveFit.pdb" /SUBSYSTEM:WINDOWS /TLBID:1 /DYNAMICBASE /NXCOMPAT /IMPLIB:"D:\TestProgram\polynomialCurveFit _SVDRevise\Debug\polynomialCurveFit.lib" /MACHINE:X86 Debug\polynomialCurveFit.res
         Debug\polynomialCurveFit.exe.embed.manifest.res
         Debug\MatrixOp.obj
         Debug\polynomialCurveFit.obj
         Debug\polynomialCurveFitDlg.obj
         Debug\stdafx.obj
       Manifest:
         C:\Program Files\Microsoft SDKs\Windows\v7.0A\bin\mt.exe /nologo /verbose /out:"Debug\polynomialCurveFit.exe.embed.manifest" /manifest Debug\polynomialCurveFit.exe.intermediate.manifest "d:\Program Files\Microsoft Visual Studio 10.0\VC\Include\Manifest\dpiaware.manifest"
         All outputs are up-to-date.
       LinkEmbedManifest:
         All outputs are up-to-date.
         polynomialCurveFit.vcxproj -> D:\TestProgram\polynomialCurveFit _SVDRevise\Debug\polynomialCurveFit.exe
       FinalizeBuildStatus:
         Deleting file "Debug\polynomialCurveFit.unsuccessfulbuild".
         Touching "Debug\polynomialCurveFit.lastbuildstate".
     1>Done Building Project "D:\TestProgram\polynomialCurveFit _SVDRevise\polynomialCurveFit\polynomialCurveFit.vcxproj" (build target(s)).

Build succeeded.

Time Elapsed 00:00:01.92
